2017-11-05 14:04:03,091 [Worker-5] INFO  c.g.t.t.d.PublishedGradleVersions - Gradle version information cache is up-to-date. Trying to read.
2017-11-05 14:12:02,842 [main] ERROR o.e.m.w.i.WTPResourcesContentProvider - Error getting pipelined children : Resource '/fj21-agenda' does not exist.
org.eclipse.core.internal.resources.ResourceException: Resource '/fj21-agenda' does not exist.
	at org.eclipse.core.internal.resources.Resource.checkExists(Resource.java:335) ~[na:na]
	at org.eclipse.core.internal.resources.Resource.checkAccessible(Resource.java:209) ~[na:na]
	at org.eclipse.core.internal.resources.Project.checkAccessible(Project.java:141) ~[na:na]
	at org.eclipse.core.internal.resources.Project.hasNature(Project.java:536) ~[na:na]
	at org.eclipse.m2e.wtp.internal.WTPResourcesContentProvider.getPipelinedChildren(WTPResourcesContentProvider.java:75) ~[na:na]
	at org.eclipse.ui.internal.navigator.extensions.SafeDelegateTreeContentProvider.getPipelinedChildren(SafeDelegateTreeContentProvider.java:172) [org.eclipse.ui.navigator_3.7.0.v20170418-1342.jar:na]
	at org.eclipse.ui.internal.navigator.NavigatorContentServiceContentProvider.pipelineChildren(NavigatorContentServiceContentProvider.java:210) [org.eclipse.ui.navigator_3.7.0.v20170418-1342.jar:na]
	at org.eclipse.ui.internal.navigator.NavigatorContentServiceContentProvider.access$1(NavigatorContentServiceContentProvider.java:198) [org.eclipse.ui.navigator_3.7.0.v20170418-1342.jar:na]
	at org.eclipse.ui.internal.navigator.NavigatorContentServiceContentProvider$1.run(NavigatorContentServiceContentProvider.java:166) [org.eclipse.ui.navigator_3.7.0.v20170418-1342.jar:na]
	at org.eclipse.core.runtime.SafeRunner.run(SafeRunner.java:42) [org.eclipse.equinox.common_3.9.0.v20170207-1454.jar:na]
	at org.eclipse.ui.internal.navigator.NavigatorContentServiceContentProvider.internalGetChildren(NavigatorContentServiceContentProvider.java:143) [org.eclipse.ui.navigator_3.7.0.v20170418-1342.jar:na]
	at org.eclipse.ui.internal.navigator.NavigatorContentServiceContentProvider.getChildren(NavigatorContentServiceContentProvider.java:129) [org.eclipse.ui.navigator_3.7.0.v20170418-1342.jar:na]
	at org.eclipse.jface.viewers.AbstractTreeViewer.getRawChildren(AbstractTreeViewer.java:1356) [org.eclipse.jface_3.13.1.v20170810-0135.jar:na]
	at org.eclipse.jface.viewers.TreeViewer.getRawChildren(TreeViewer.java:341) [org.eclipse.jface_3.13.1.v20170810-0135.jar:na]
	at org.eclipse.jface.viewers.StructuredViewer.getFilteredChildren(StructuredViewer.java:901) [org.eclipse.jface_3.13.1.v20170810-0135.jar:na]
	at org.eclipse.jface.viewers.AbstractTreeViewer.getSortedChildren(AbstractTreeViewer.java:618) [org.eclipse.jface_3.13.1.v20170810-0135.jar:na]
	at org.eclipse.jface.viewers.AbstractTreeViewer.lambda$0(AbstractTreeViewer.java:812) [org.eclipse.jface_3.13.1.v20170810-0135.jar:na]
	at org.eclipse.swt.custom.BusyIndicator.showWhile(BusyIndicator.java:70) ~[org.eclipse.swt.cocoa.macosx.x86_64_3.106.1.v20170926-0519.jar:na]
	at org.eclipse.jface.viewers.AbstractTreeViewer.createChildren(AbstractTreeViewer.java:792) [org.eclipse.jface_3.13.1.v20170810-0135.jar:na]
	at org.eclipse.jface.viewers.TreeViewer.createChildren(TreeViewer.java:595) [org.eclipse.jface_3.13.1.v20170810-0135.jar:na]
	at org.eclipse.jface.viewers.AbstractTreeViewer.createChildren(AbstractTreeViewer.java:763) [org.eclipse.jface_3.13.1.v20170810-0135.jar:na]
	at org.eclipse.jface.viewers.AbstractTreeViewer.setExpandedState(AbstractTreeViewer.java:2459) [org.eclipse.jface_3.13.1.v20170810-0135.jar:na]
	at org.eclipse.ui.navigator.CommonNavigator.handleDoubleClick(CommonNavigator.java:561) ~[na:na]
	at org.eclipse.ui.navigator.resources.ProjectExplorer.handleDoubleClick(ProjectExplorer.java:256) ~[na:na]
	at org.eclipse.ui.navigator.CommonNavigator$4$1.run(CommonNavigator.java:534) ~[na:na]
	at org.eclipse.core.runtime.SafeRunner.run(SafeRunner.java:42) [org.eclipse.equinox.common_3.9.0.v20170207-1454.jar:na]
	at org.eclipse.ui.navigator.CommonNavigator$4.doubleClick(CommonNavigator.java:531) ~[na:na]
	at org.eclipse.jface.viewers.StructuredViewer$1.run(StructuredViewer.java:831) ~[org.eclipse.jface_3.13.1.v20170810-0135.jar:na]
	at org.eclipse.core.runtime.SafeRunner.run(SafeRunner.java:42) [org.eclipse.equinox.common_3.9.0.v20170207-1454.jar:na]
	at org.eclipse.ui.internal.JFaceUtil.lambda$0(JFaceUtil.java:44) ~[na:na]
	at org.eclipse.jface.util.SafeRunnable.run(SafeRunnable.java:173) ~[org.eclipse.jface_3.13.1.v20170810-0135.jar:na]
	at org.eclipse.jface.viewers.StructuredViewer.fireDoubleClick(StructuredViewer.java:828) [org.eclipse.jface_3.13.1.v20170810-0135.jar:na]
	at org.eclipse.jface.viewers.AbstractTreeViewer.handleDoubleSelect(AbstractTreeViewer.java:1459) [org.eclipse.jface_3.13.1.v20170810-0135.jar:na]
	at org.eclipse.ui.navigator.CommonViewer.handleDoubleSelect(CommonViewer.java:445) ~[na:na]
	at org.eclipse.jface.viewers.StructuredViewer$4.widgetDefaultSelected(StructuredViewer.java:1258) ~[org.eclipse.jface_3.13.1.v20170810-0135.jar:na]
	at org.eclipse.jface.util.OpenStrategy.fireDefaultSelectionEvent(OpenStrategy.java:249) ~[org.eclipse.jface_3.13.1.v20170810-0135.jar:na]
	at org.eclipse.jface.util.OpenStrategy.access$0(OpenStrategy.java:247) ~[org.eclipse.jface_3.13.1.v20170810-0135.jar:na]
	at org.eclipse.jface.util.OpenStrategy$1.handleEvent(OpenStrategy.java:306) ~[org.eclipse.jface_3.13.1.v20170810-0135.jar:na]
	at org.eclipse.swt.widgets.EventTable.sendEvent(EventTable.java:86) ~[org.eclipse.swt.cocoa.macosx.x86_64_3.106.1.v20170926-0519.jar:na]
	at org.eclipse.swt.widgets.Display.sendEvent(Display.java:4257) ~[org.eclipse.swt.cocoa.macosx.x86_64_3.106.1.v20170926-0519.jar:na]
	at org.eclipse.swt.widgets.Widget.sendEvent(Widget.java:1502) ~[org.eclipse.swt.cocoa.macosx.x86_64_3.106.1.v20170926-0519.jar:na]
	at org.eclipse.swt.widgets.Widget.sendEvent(Widget.java:1525) ~[org.eclipse.swt.cocoa.macosx.x86_64_3.106.1.v20170926-0519.jar:na]
	at org.eclipse.swt.widgets.Widget.sendEvent(Widget.java:1510) ~[org.eclipse.swt.cocoa.macosx.x86_64_3.106.1.v20170926-0519.jar:na]
	at org.eclipse.swt.widgets.Widget.notifyListeners(Widget.java:1314) ~[org.eclipse.swt.cocoa.macosx.x86_64_3.106.1.v20170926-0519.jar:na]
	at org.eclipse.swt.widgets.Display.runDeferredEvents(Display.java:4081) ~[org.eclipse.swt.cocoa.macosx.x86_64_3.106.1.v20170926-0519.jar:na]
	at org.eclipse.swt.widgets.Display.readAndDispatch(Display.java:3698) ~[org.eclipse.swt.cocoa.macosx.x86_64_3.106.1.v20170926-0519.jar:na]
	at org.eclipse.e4.ui.internal.workbench.swt.PartRenderingEngine$5.run(PartRenderingEngine.java:1150) ~[na:na]
	at org.eclipse.core.databinding.observable.Realm.runWithDefault(Realm.java:336) ~[na:na]
	at org.eclipse.e4.ui.internal.workbench.swt.PartRenderingEngine.run(PartRenderingEngine.java:1039) ~[na:na]
	at org.eclipse.e4.ui.internal.workbench.E4Workbench.createAndRunUI(E4Workbench.java:153) ~[na:na]
	at org.eclipse.ui.internal.Workbench.lambda$3(Workbench.java:680) ~[na:na]
	at org.eclipse.core.databinding.observable.Realm.runWithDefault(Realm.java:336) ~[na:na]
	at org.eclipse.ui.internal.Workbench.createAndRunWorkbench(Workbench.java:594) ~[na:na]
	at org.eclipse.ui.PlatformUI.createAndRunWorkbench(PlatformUI.java:148) ~[na:na]
	at org.eclipse.ui.internal.ide.application.IDEApplication.start(IDEApplication.java:151) ~[na:na]
	at org.eclipse.equinox.internal.app.EclipseAppHandle.run(EclipseAppHandle.java:196) ~[org.eclipse.equinox.app_1.3.400.v20150715-1528.jar:na]
	at org.eclipse.core.runtime.internal.adaptor.EclipseAppLauncher.runApplication(EclipseAppLauncher.java:134) ~[org.eclipse.osgi_3.12.50.v20170928-1321.jar:na]
	at org.eclipse.core.runtime.internal.adaptor.EclipseAppLauncher.start(EclipseAppLauncher.java:104) ~[org.eclipse.osgi_3.12.50.v20170928-1321.jar:na]
	at org.eclipse.core.runtime.adaptor.EclipseStarter.run(EclipseStarter.java:388) ~[org.eclipse.osgi_3.12.50.v20170928-1321.jar:na]
	at org.eclipse.core.runtime.adaptor.EclipseStarter.run(EclipseStarter.java:243) ~[org.eclipse.osgi_3.12.50.v20170928-1321.jar:na]
	at sun.reflect.NativeMethodAccessorImpl.invoke0(Native Method) ~[na:1.8.0_144]
	at sun.reflect.NativeMethodAccessorImpl.invoke(NativeMethodAccessorImpl.java:62) ~[na:1.8.0_144]
	at sun.reflect.DelegatingMethodAccessorImpl.invoke(DelegatingMethodAccessorImpl.java:43) ~[na:1.8.0_144]
	at java.lang.reflect.Method.invoke(Method.java:498) ~[na:1.8.0_144]
	at org.eclipse.equinox.launcher.Main.invokeFramework(Main.java:653) ~[org.eclipse.equinox.launcher_1.4.0.v20161219-1356.jar:na]
	at org.eclipse.equinox.launcher.Main.basicRun(Main.java:590) ~[org.eclipse.equinox.launcher_1.4.0.v20161219-1356.jar:na]
	at org.eclipse.equinox.launcher.Main.run(Main.java:1499) ~[org.eclipse.equinox.launcher_1.4.0.v20161219-1356.jar:na]
2017-11-05 14:13:47,223 [Worker-9] INFO  c.g.t.t.d.PublishedGradleVersions - Gradle version information cache is up-to-date. Trying to read.
2017-11-05 14:45:23,747 [Worker-9] INFO  c.g.t.t.d.PublishedGradleVersions - Gradle version information cache is up-to-date. Trying to read.
2017-11-05 14:48:11,307 [Worker-8] INFO  c.g.t.t.d.PublishedGradleVersions - Gradle version information cache is up-to-date. Trying to read.
2017-11-05 14:59:49,172 [Worker-1] INFO  c.g.t.t.d.PublishedGradleVersions - Gradle version information cache is up-to-date. Trying to read.
2017-11-05 15:20:37,569 [Worker-8] INFO  c.g.t.t.d.PublishedGradleVersions - Gradle version information cache is up-to-date. Trying to read.
2017-11-05 15:32:23,362 [Worker-3] INFO  c.g.t.t.d.PublishedGradleVersions - Gradle version information cache is up-to-date. Trying to read.
